{"/home/rolexoid/frontend-project-46/src/gendiff.js": {"path":"/home/rolexoid/frontend-project-46/src/gendiff.js","statementMap":{"0":{"start":{"line":7,"column":19},"end":{"line":7,"column":49}},"1":{"start":{"line":8,"column":18},"end":{"line":8,"column":37}},"2":{"start":{"line":10,"column":22},"end":{"line":13,"column":1}},"3":{"start":{"line":11,"column":21},"end":{"line":11,"column":45}},"4":{"start":{"line":12,"column":2},"end":{"line":12,"column":20}},"5":{"start":{"line":15,"column":20},"end":{"line":31,"column":1}},"6":{"start":{"line":16,"column":21},"end":{"line":16,"column":54}},"7":{"start":{"line":18,"column":2},"end":{"line":29,"column":3}},"8":{"start":{"line":20,"column":6},"end":{"line":20,"column":42}},"9":{"start":{"line":21,"column":6},"end":{"line":21,"column":12}},"10":{"start":{"line":23,"column":6},"end":{"line":23,"column":36}},"11":{"start":{"line":24,"column":6},"end":{"line":24,"column":12}},"12":{"start":{"line":26,"column":6},"end":{"line":28,"column":8}},"13":{"start":{"line":30,"column":2},"end":{"line":30,"column":20}},"14":{"start":{"line":33,"column":28},"end":{"line":37,"column":1}},"15":{"start":{"line":34,"column":15},"end":{"line":34,"column":48}},"16":{"start":{"line":35,"column":15},"end":{"line":35,"column":48}},"17":{"start":{"line":36,"column":2},"end":{"line":36,"column":22}},"18":{"start":{"line":39,"column":22},"end":{"line":63,"column":1}},"19":{"start":{"line":40,"column":19},"end":{"line":40,"column":36}},"20":{"start":{"line":41,"column":19},"end":{"line":41,"column":36}},"21":{"start":{"line":42,"column":15},"end":{"line":42,"column":56}},"22":{"start":{"line":43,"column":23},"end":{"line":60,"column":3}},"23":{"start":{"line":44,"column":4},"end":{"line":58,"column":5}},"24":{"start":{"line":48,"column":6},"end":{"line":48,"column":53}},"25":{"start":{"line":49,"column":11},"end":{"line":58,"column":5}},"26":{"start":{"line":50,"column":6},"end":{"line":52,"column":7}},"27":{"start":{"line":51,"column":8},"end":{"line":51,"column":36}},"28":{"start":{"line":53,"column":6},"end":{"line":55,"column":7}},"29":{"start":{"line":54,"column":8},"end":{"line":54,"column":36}},"30":{"start":{"line":57,"column":6},"end":{"line":57,"column":34}},"31":{"start":{"line":59,"column":4},"end":{"line":59,"column":15}},"32":{"start":{"line":61,"column":17},"end":{"line":61,"column":46}},"33":{"start":{"line":62,"column":2},"end":{"line":62,"column":16}},"34":{"start":{"line":65,"column":18},"end":{"line":68,"column":1}},"35":{"start":{"line":66,"column":14},"end":{"line":66,"column":65}},"36":{"start":{"line":67,"column":2},"end":{"line":67,"column":13}},"37":{"start":{"line":70,"column":20},"end":{"line":74,"column":1}},"38":{"start":{"line":71,"column":23},"end":{"line":71,"column":56}},"39":{"start":{"line":72,"column":20},"end":{"line":72,"column":45}},"40":{"start":{"line":73,"column":2},"end":{"line":73,"column":30}}},"fnMap":{"0":{"name":"(anonymous_0)","decl":{"start":{"line":10,"column":22},"end":{"line":10,"column":23}},"loc":{"start":{"line":10,"column":32},"end":{"line":13,"column":1}},"line":10},"1":{"name":"(anonymous_1)","decl":{"start":{"line":15,"column":20},"end":{"line":15,"column":21}},"loc":{"start":{"line":15,"column":36},"end":{"line":31,"column":1}},"line":15},"2":{"name":"(anonymous_2)","decl":{"start":{"line":33,"column":28},"end":{"line":33,"column":29}},"loc":{"start":{"line":33,"column":46},"end":{"line":37,"column":1}},"line":33},"3":{"name":"(anonymous_3)","decl":{"start":{"line":39,"column":22},"end":{"line":39,"column":23}},"loc":{"start":{"line":39,"column":38},"end":{"line":63,"column":1}},"line":39},"4":{"name":"(anonymous_4)","decl":{"start":{"line":43,"column":23},"end":{"line":43,"column":24}},"loc":{"start":{"line":43,"column":37},"end":{"line":60,"column":3}},"line":43},"5":{"name":"(anonymous_5)","decl":{"start":{"line":65,"column":18},"end":{"line":65,"column":19}},"loc":{"start":{"line":65,"column":27},"end":{"line":68,"column":1}},"line":65},"6":{"name":"(anonymous_6)","decl":{"start":{"line":70,"column":20},"end":{"line":70,"column":21}},"loc":{"start":{"line":70,"column":38},"end":{"line":74,"column":1}},"line":70}},"branchMap":{"0":{"loc":{"start":{"line":18,"column":2},"end":{"line":29,"column":3}},"type":"switch","locations":[{"start":{"line":19,"column":4},"end":{"line":21,"column":12}},{"start":{"line":22,"column":4},"end":{"line":24,"column":12}},{"start":{"line":25,"column":4},"end":{"line":28,"column":8}}],"line":18},"1":{"loc":{"start":{"line":22,"column":9},"end":{"line":22,"column":26}},"type":"binary-expr","locations":[{"start":{"line":22,"column":9},"end":{"line":22,"column":15}},{"start":{"line":22,"column":19},"end":{"line":22,"column":26}}],"line":22},"2":{"loc":{"start":{"line":44,"column":4},"end":{"line":58,"column":5}},"type":"if","locations":[{"start":{"line":44,"column":4},"end":{"line":58,"column":5}},{"start":{"line":49,"column":11},"end":{"line":58,"column":5}}],"line":44},"3":{"loc":{"start":{"line":45,"column":6},"end":{"line":46,"column":41}},"type":"binary-expr","locations":[{"start":{"line":45,"column":6},"end":{"line":45,"column":41}},{"start":{"line":46,"column":6},"end":{"line":46,"column":41}}],"line":45},"4":{"loc":{"start":{"line":49,"column":11},"end":{"line":58,"column":5}},"type":"if","locations":[{"start":{"line":49,"column":11},"end":{"line":58,"column":5}},{"start":{"line":56,"column":11},"end":{"line":58,"column":5}}],"line":49},"5":{"loc":{"start":{"line":50,"column":6},"end":{"line":52,"column":7}},"type":"if","locations":[{"start":{"line":50,"column":6},"end":{"line":52,"column":7}},{"start":{},"end":{}}],"line":50},"6":{"loc":{"start":{"line":53,"column":6},"end":{"line":55,"column":7}},"type":"if","locations":[{"start":{"line":53,"column":6},"end":{"line":55,"column":7}},{"start":{},"end":{}}],"line":53}},"s":{"0":1,"1":1,"2":1,"3":2,"4":2,"5":1,"6":2,"7":2,"8":2,"9":2,"10":0,"11":0,"12":0,"13":2,"14":1,"15":1,"16":1,"17":1,"18":1,"19":1,"20":1,"21":1,"22":1,"23":5,"24":0,"25":5,"26":4,"27":3,"28":4,"29":2,"30":1,"31":5,"32":1,"33":1,"34":1,"35":1,"36":1,"37":1,"38":1,"39":1,"40":1},"f":{"0":2,"1":2,"2":1,"3":1,"4":5,"5":1,"6":1},"b":{"0":[2,0,0],"1":[0,0],"2":[0,5],"3":[5,5],"4":[4,1],"5":[3,1],"6":[2,2]},"_coverageSchema":"1a1c01bbd47fc00a2c39e90264f33305004495a9","hash":"94e258e94485523dfb742afac666ba9162d365a8"}
}
