{"/home/rolexoid/frontend-project-46/src/gendiff.js": {"path":"/home/rolexoid/frontend-project-46/src/gendiff.js","statementMap":{"0":{"start":{"line":5,"column":16},"end":{"line":29,"column":1}},"1":{"start":{"line":6,"column":19},"end":{"line":6,"column":36}},"2":{"start":{"line":7,"column":19},"end":{"line":7,"column":36}},"3":{"start":{"line":8,"column":15},"end":{"line":8,"column":49}},"4":{"start":{"line":10,"column":23},"end":{"line":26,"column":3}},"5":{"start":{"line":11,"column":4},"end":{"line":24,"column":5}},"6":{"start":{"line":15,"column":6},"end":{"line":15,"column":47}},"7":{"start":{"line":16,"column":11},"end":{"line":24,"column":5}},"8":{"start":{"line":17,"column":6},"end":{"line":17,"column":25}},"9":{"start":{"line":18,"column":11},"end":{"line":24,"column":5}},"10":{"start":{"line":19,"column":6},"end":{"line":19,"column":27}},"11":{"start":{"line":20,"column":11},"end":{"line":24,"column":5}},"12":{"start":{"line":21,"column":6},"end":{"line":21,"column":27}},"13":{"start":{"line":23,"column":6},"end":{"line":23,"column":29}},"14":{"start":{"line":25,"column":4},"end":{"line":25,"column":15}},"15":{"start":{"line":27,"column":17},"end":{"line":27,"column":46}},"16":{"start":{"line":28,"column":2},"end":{"line":28,"column":30}},"17":{"start":{"line":31,"column":20},"end":{"line":35,"column":1}},"18":{"start":{"line":32,"column":23},"end":{"line":32,"column":56}},"19":{"start":{"line":33,"column":20},"end":{"line":33,"column":39}},"20":{"start":{"line":34,"column":2},"end":{"line":34,"column":30}}},"fnMap":{"0":{"name":"(anonymous_0)","decl":{"start":{"line":5,"column":16},"end":{"line":5,"column":17}},"loc":{"start":{"line":5,"column":32},"end":{"line":29,"column":1}},"line":5},"1":{"name":"(anonymous_1)","decl":{"start":{"line":10,"column":23},"end":{"line":10,"column":24}},"loc":{"start":{"line":10,"column":37},"end":{"line":26,"column":3}},"line":10},"2":{"name":"(anonymous_2)","decl":{"start":{"line":31,"column":20},"end":{"line":31,"column":21}},"loc":{"start":{"line":31,"column":59},"end":{"line":35,"column":1}},"line":31}},"branchMap":{"0":{"loc":{"start":{"line":11,"column":4},"end":{"line":24,"column":5}},"type":"if","locations":[{"start":{"line":11,"column":4},"end":{"line":24,"column":5}},{"start":{"line":16,"column":11},"end":{"line":24,"column":5}}],"line":11},"1":{"loc":{"start":{"line":12,"column":6},"end":{"line":13,"column":44}},"type":"binary-expr","locations":[{"start":{"line":12,"column":6},"end":{"line":12,"column":41}},{"start":{"line":13,"column":9},"end":{"line":13,"column":44}}],"line":12},"2":{"loc":{"start":{"line":16,"column":11},"end":{"line":24,"column":5}},"type":"if","locations":[{"start":{"line":16,"column":11},"end":{"line":24,"column":5}},{"start":{"line":18,"column":11},"end":{"line":24,"column":5}}],"line":16},"3":{"loc":{"start":{"line":18,"column":11},"end":{"line":24,"column":5}},"type":"if","locations":[{"start":{"line":18,"column":11},"end":{"line":24,"column":5}},{"start":{"line":20,"column":11},"end":{"line":24,"column":5}}],"line":18},"4":{"loc":{"start":{"line":20,"column":11},"end":{"line":24,"column":5}},"type":"if","locations":[{"start":{"line":20,"column":11},"end":{"line":24,"column":5}},{"start":{"line":22,"column":11},"end":{"line":24,"column":5}}],"line":20},"5":{"loc":{"start":{"line":31,"column":35},"end":{"line":31,"column":54}},"type":"default-arg","locations":[{"start":{"line":31,"column":47},"end":{"line":31,"column":54}}],"line":31}},"s":{"0":1,"1":8,"2":8,"3":8,"4":8,"5":27,"6":6,"7":21,"8":7,"9":14,"10":2,"11":12,"12":7,"13":5,"14":27,"15":8,"16":8,"17":1,"18":2,"19":2,"20":2},"f":{"0":8,"1":27,"2":2},"b":{"0":[6,21],"1":[27,8],"2":[7,14],"3":[2,12],"4":[7,5],"5":[2]},"_coverageSchema":"1a1c01bbd47fc00a2c39e90264f33305004495a9","hash":"341ac98a40d6574e998b09d1ca946f82bdfe0cc4"}
,"/home/rolexoid/frontend-project-46/src/parsers.js": {"path":"/home/rolexoid/frontend-project-46/src/parsers.js","statementMap":{"0":{"start":{"line":6,"column":22},"end":{"line":9,"column":1}},"1":{"start":{"line":7,"column":21},"end":{"line":7,"column":41}},"2":{"start":{"line":8,"column":2},"end":{"line":8,"column":20}},"3":{"start":{"line":11,"column":20},"end":{"line":27,"column":1}},"4":{"start":{"line":12,"column":21},"end":{"line":12,"column":54}},"5":{"start":{"line":14,"column":2},"end":{"line":25,"column":3}},"6":{"start":{"line":16,"column":6},"end":{"line":16,"column":42}},"7":{"start":{"line":17,"column":6},"end":{"line":17,"column":12}},"8":{"start":{"line":19,"column":6},"end":{"line":19,"column":36}},"9":{"start":{"line":20,"column":6},"end":{"line":20,"column":12}},"10":{"start":{"line":22,"column":6},"end":{"line":24,"column":8}},"11":{"start":{"line":26,"column":2},"end":{"line":26,"column":20}},"12":{"start":{"line":29,"column":28},"end":{"line":33,"column":1}},"13":{"start":{"line":30,"column":15},"end":{"line":30,"column":48}},"14":{"start":{"line":31,"column":15},"end":{"line":31,"column":48}},"15":{"start":{"line":32,"column":2},"end":{"line":32,"column":22}}},"fnMap":{"0":{"name":"(anonymous_0)","decl":{"start":{"line":6,"column":22},"end":{"line":6,"column":23}},"loc":{"start":{"line":6,"column":32},"end":{"line":9,"column":1}},"line":6},"1":{"name":"(anonymous_1)","decl":{"start":{"line":11,"column":20},"end":{"line":11,"column":21}},"loc":{"start":{"line":11,"column":36},"end":{"line":27,"column":1}},"line":11},"2":{"name":"(anonymous_2)","decl":{"start":{"line":29,"column":28},"end":{"line":29,"column":29}},"loc":{"start":{"line":29,"column":46},"end":{"line":33,"column":1}},"line":29}},"branchMap":{"0":{"loc":{"start":{"line":14,"column":2},"end":{"line":25,"column":3}},"type":"switch","locations":[{"start":{"line":15,"column":4},"end":{"line":17,"column":12}},{"start":{"line":18,"column":4},"end":{"line":20,"column":12}},{"start":{"line":21,"column":4},"end":{"line":24,"column":8}}],"line":14},"1":{"loc":{"start":{"line":18,"column":9},"end":{"line":18,"column":26}},"type":"binary-expr","locations":[{"start":{"line":18,"column":9},"end":{"line":18,"column":15}},{"start":{"line":18,"column":19},"end":{"line":18,"column":26}}],"line":18}},"s":{"0":1,"1":4,"2":4,"3":1,"4":4,"5":4,"6":2,"7":2,"8":2,"9":2,"10":0,"11":4,"12":1,"13":2,"14":2,"15":2},"f":{"0":4,"1":4,"2":2},"b":{"0":[2,2,0],"1":[2,0]},"_coverageSchema":"1a1c01bbd47fc00a2c39e90264f33305004495a9","hash":"eb3f4fd87748f48c5f90a20659935bbbeeeb7134"}
,"/home/rolexoid/frontend-project-46/src/stylish.js": {"path":"/home/rolexoid/frontend-project-46/src/stylish.js","statementMap":{"0":{"start":{"line":3,"column":16},"end":{"line":42,"column":1}},"1":{"start":{"line":4,"column":13},"end":{"line":4,"column":15}},"2":{"start":{"line":6,"column":15},"end":{"line":38,"column":3}},"3":{"start":{"line":7,"column":4},"end":{"line":11,"column":5}},"4":{"start":{"line":8,"column":6},"end":{"line":8,"column":18}},"5":{"start":{"line":9,"column":6},"end":{"line":9,"column":59}},"6":{"start":{"line":10,"column":6},"end":{"line":10,"column":17}},"7":{"start":{"line":13,"column":4},"end":{"line":35,"column":5}},"8":{"start":{"line":15,"column":8},"end":{"line":15,"column":20}},"9":{"start":{"line":16,"column":8},"end":{"line":16,"column":26}},"10":{"start":{"line":17,"column":8},"end":{"line":17,"column":14}},"11":{"start":{"line":19,"column":8},"end":{"line":19,"column":20}},"12":{"start":{"line":20,"column":8},"end":{"line":20,"column":26}},"13":{"start":{"line":21,"column":8},"end":{"line":21,"column":14}},"14":{"start":{"line":23,"column":8},"end":{"line":23,"column":20}},"15":{"start":{"line":24,"column":8},"end":{"line":24,"column":26}},"16":{"start":{"line":25,"column":8},"end":{"line":25,"column":14}},"17":{"start":{"line":27,"column":8},"end":{"line":27,"column":20}},"18":{"start":{"line":28,"column":8},"end":{"line":28,"column":26}},"19":{"start":{"line":29,"column":8},"end":{"line":29,"column":37}},"20":{"start":{"line":30,"column":8},"end":{"line":30,"column":20}},"21":{"start":{"line":31,"column":8},"end":{"line":31,"column":26}},"22":{"start":{"line":32,"column":8},"end":{"line":32,"column":14}},"23":{"start":{"line":34,"column":8},"end":{"line":34,"column":66}},"24":{"start":{"line":36,"column":4},"end":{"line":36,"column":33}},"25":{"start":{"line":37,"column":4},"end":{"line":37,"column":15}},"26":{"start":{"line":39,"column":15},"end":{"line":39,"column":38}},"27":{"start":{"line":40,"column":17},"end":{"line":40,"column":38}},"28":{"start":{"line":41,"column":2},"end":{"line":41,"column":16}},"29":{"start":{"line":44,"column":18},"end":{"line":72,"column":1}},"30":{"start":{"line":45,"column":15},"end":{"line":69,"column":3}},"31":{"start":{"line":46,"column":4},"end":{"line":48,"column":5}},"32":{"start":{"line":47,"column":6},"end":{"line":47,"column":31}},"33":{"start":{"line":49,"column":22},"end":{"line":55,"column":5}},"34":{"start":{"line":50,"column":25},"end":{"line":50,"column":56}},"35":{"start":{"line":51,"column":32},"end":{"line":51,"column":59}},"36":{"start":{"line":52,"column":30},"end":{"line":52,"column":55}},"37":{"start":{"line":53,"column":32},"end":{"line":53,"column":64}},"38":{"start":{"line":54,"column":6},"end":{"line":54,"column":52}},"39":{"start":{"line":56,"column":41},"end":{"line":56,"column":53}},"40":{"start":{"line":57,"column":18},"end":{"line":66,"column":6}},"41":{"start":{"line":58,"column":6},"end":{"line":64,"column":7}},"42":{"start":{"line":63,"column":8},"end":{"line":63,"column":54}},"43":{"start":{"line":65,"column":6},"end":{"line":65,"column":63}},"44":{"start":{"line":68,"column":4},"end":{"line":68,"column":59}},"45":{"start":{"line":71,"column":2},"end":{"line":71,"column":24}},"46":{"start":{"line":74,"column":16},"end":{"line":77,"column":1}},"47":{"start":{"line":75,"column":17},"end":{"line":75,"column":44}},"48":{"start":{"line":76,"column":2},"end":{"line":76,"column":16}}},"fnMap":{"0":{"name":"(anonymous_0)","decl":{"start":{"line":3,"column":16},"end":{"line":3,"column":17}},"loc":{"start":{"line":3,"column":46},"end":{"line":42,"column":1}},"line":3},"1":{"name":"(anonymous_1)","decl":{"start":{"line":6,"column":15},"end":{"line":6,"column":16}},"loc":{"start":{"line":6,"column":29},"end":{"line":38,"column":3}},"line":6},"2":{"name":"(anonymous_2)","decl":{"start":{"line":44,"column":18},"end":{"line":44,"column":19}},"loc":{"start":{"line":44,"column":62},"end":{"line":72,"column":1}},"line":44},"3":{"name":"(anonymous_3)","decl":{"start":{"line":45,"column":15},"end":{"line":45,"column":16}},"loc":{"start":{"line":45,"column":40},"end":{"line":69,"column":3}},"line":45},"4":{"name":"(anonymous_4)","decl":{"start":{"line":49,"column":22},"end":{"line":49,"column":23}},"loc":{"start":{"line":49,"column":37},"end":{"line":55,"column":5}},"line":49},"5":{"name":"(anonymous_5)","decl":{"start":{"line":57,"column":51},"end":{"line":57,"column":52}},"loc":{"start":{"line":57,"column":67},"end":{"line":66,"column":5}},"line":57},"6":{"name":"(anonymous_6)","decl":{"start":{"line":74,"column":16},"end":{"line":74,"column":17}},"loc":{"start":{"line":74,"column":29},"end":{"line":77,"column":1}},"line":74}},"branchMap":{"0":{"loc":{"start":{"line":7,"column":4},"end":{"line":11,"column":5}},"type":"if","locations":[{"start":{"line":7,"column":4},"end":{"line":11,"column":5}},{"start":{},"end":{}}],"line":7},"1":{"loc":{"start":{"line":13,"column":4},"end":{"line":35,"column":5}},"type":"switch","locations":[{"start":{"line":14,"column":6},"end":{"line":17,"column":14}},{"start":{"line":18,"column":6},"end":{"line":21,"column":14}},{"start":{"line":22,"column":6},"end":{"line":25,"column":14}},{"start":{"line":26,"column":6},"end":{"line":32,"column":14}},{"start":{"line":33,"column":6},"end":{"line":34,"column":66}}],"line":13},"2":{"loc":{"start":{"line":44,"column":26},"end":{"line":44,"column":40}},"type":"default-arg","locations":[{"start":{"line":44,"column":37},"end":{"line":44,"column":40}}],"line":44},"3":{"loc":{"start":{"line":44,"column":42},"end":{"line":44,"column":57}},"type":"default-arg","locations":[{"start":{"line":44,"column":56},"end":{"line":44,"column":57}}],"line":44},"4":{"loc":{"start":{"line":46,"column":4},"end":{"line":48,"column":5}},"type":"if","locations":[{"start":{"line":46,"column":4},"end":{"line":48,"column":5}},{"start":{},"end":{}}],"line":46},"5":{"loc":{"start":{"line":58,"column":6},"end":{"line":64,"column":7}},"type":"if","locations":[{"start":{"line":58,"column":6},"end":{"line":64,"column":7}},{"start":{},"end":{}}],"line":58},"6":{"loc":{"start":{"line":59,"column":8},"end":{"line":61,"column":31}},"type":"binary-expr","locations":[{"start":{"line":59,"column":8},"end":{"line":59,"column":28}},{"start":{"line":60,"column":11},"end":{"line":60,"column":31}},{"start":{"line":61,"column":11},"end":{"line":61,"column":31}}],"line":59}},"s":{"0":1,"1":8,"2":8,"3":27,"4":6,"5":6,"6":6,"7":21,"8":2,"9":2,"10":2,"11":7,"12":7,"13":7,"14":5,"15":5,"16":5,"17":7,"18":7,"19":7,"20":7,"21":7,"22":7,"23":0,"24":21,"25":21,"26":8,"27":8,"28":8,"29":1,"30":2,"31":46,"32":30,"33":16,"34":26,"35":26,"36":26,"37":26,"38":26,"39":16,"40":16,"41":44,"42":10,"43":44,"44":16,"45":2,"46":1,"47":2,"48":2},"f":{"0":8,"1":27,"2":2,"3":46,"4":26,"5":44,"6":2},"b":{"0":[6,21],"1":[2,7,5,7,0],"2":[2],"3":[2],"4":[30,16],"5":[10,34],"6":[44,30,21]},"_coverageSchema":"1a1c01bbd47fc00a2c39e90264f33305004495a9","hash":"e5ac4a0305aba9af9caff024a19d847f831b441c"}
}
