TN:
SF:src/gendiff.js
FN:10,(anonymous_0)
FN:15,(anonymous_1)
FN:33,(anonymous_2)
FN:39,(anonymous_3)
FN:43,(anonymous_4)
FN:66,(anonymous_5)
FN:71,(anonymous_6)
FNF:7
FNH:7
FNDA:2,(anonymous_0)
FNDA:2,(anonymous_1)
FNDA:1,(anonymous_2)
FNDA:1,(anonymous_3)
FNDA:5,(anonymous_4)
FNDA:1,(anonymous_5)
FNDA:1,(anonymous_6)
DA:7,1
DA:8,1
DA:10,1
DA:11,2
DA:12,2
DA:15,1
DA:16,2
DA:18,2
DA:20,2
DA:21,2
DA:23,0
DA:24,0
DA:26,0
DA:30,2
DA:33,1
DA:34,1
DA:35,1
DA:36,1
DA:39,1
DA:40,1
DA:41,1
DA:42,1
DA:43,1
DA:44,5
DA:48,0
DA:50,5
DA:51,4
DA:52,3
DA:54,4
DA:55,2
DA:58,1
DA:60,5
DA:62,1
DA:63,1
DA:66,1
DA:67,1
DA:68,1
DA:71,1
DA:72,1
DA:73,1
DA:74,1
LF:41
LH:37
BRDA:18,0,0,2
BRDA:18,0,1,0
BRDA:18,0,2,0
BRDA:44,1,0,0
BRDA:44,1,1,5
BRDA:45,2,0,5
BRDA:45,2,1,5
BRDA:50,3,0,4
BRDA:50,3,1,1
BRDA:51,4,0,3
BRDA:51,4,1,1
BRDA:54,5,0,2
BRDA:54,5,1,2
BRF:13
BRH:10
end_of_record
