TN:
SF:src/gendiff.js
FN:5,(anonymous_0)
FN:10,(anonymous_1)
FN:31,(anonymous_2)
FNF:3
FNH:3
FNDA:8,(anonymous_0)
FNDA:27,(anonymous_1)
FNDA:2,(anonymous_2)
DA:5,1
DA:6,8
DA:7,8
DA:8,8
DA:10,8
DA:11,27
DA:15,6
DA:16,21
DA:17,7
DA:18,14
DA:19,2
DA:20,12
DA:21,7
DA:23,5
DA:25,27
DA:27,8
DA:28,8
DA:31,1
DA:32,2
DA:33,2
DA:34,2
LF:21
LH:21
BRDA:11,0,0,6
BRDA:11,0,1,21
BRDA:12,1,0,27
BRDA:12,1,1,8
BRDA:16,2,0,7
BRDA:16,2,1,14
BRDA:18,3,0,2
BRDA:18,3,1,12
BRDA:20,4,0,7
BRDA:20,4,1,5
BRDA:31,5,0,2
BRF:11
BRH:11
end_of_record
TN:
SF:src/parsers.js
FN:6,(anonymous_0)
FN:11,(anonymous_1)
FN:29,(anonymous_2)
FNF:3
FNH:3
FNDA:4,(anonymous_0)
FNDA:4,(anonymous_1)
FNDA:2,(anonymous_2)
DA:6,1
DA:7,4
DA:8,4
DA:11,1
DA:12,4
DA:14,4
DA:16,2
DA:17,2
DA:19,2
DA:20,2
DA:22,0
DA:26,4
DA:29,1
DA:30,2
DA:31,2
DA:32,2
LF:16
LH:15
BRDA:14,0,0,2
BRDA:14,0,1,2
BRDA:14,0,2,0
BRDA:18,1,0,2
BRDA:18,1,1,0
BRF:5
BRH:3
end_of_record
TN:
SF:src/stylish.js
FN:3,(anonymous_0)
FN:6,(anonymous_1)
FN:44,(anonymous_2)
FN:45,(anonymous_3)
FN:49,(anonymous_4)
FN:57,(anonymous_5)
FN:74,(anonymous_6)
FNF:7
FNH:7
FNDA:8,(anonymous_0)
FNDA:27,(anonymous_1)
FNDA:2,(anonymous_2)
FNDA:46,(anonymous_3)
FNDA:26,(anonymous_4)
FNDA:44,(anonymous_5)
FNDA:2,(anonymous_6)
DA:3,1
DA:4,8
DA:6,8
DA:7,27
DA:8,6
DA:9,6
DA:10,6
DA:13,21
DA:15,2
DA:16,2
DA:17,2
DA:19,7
DA:20,7
DA:21,7
DA:23,5
DA:24,5
DA:25,5
DA:27,7
DA:28,7
DA:29,7
DA:30,7
DA:31,7
DA:32,7
DA:34,0
DA:36,21
DA:37,21
DA:39,8
DA:40,8
DA:41,8
DA:44,1
DA:45,2
DA:46,46
DA:47,30
DA:49,16
DA:50,26
DA:51,26
DA:52,26
DA:53,26
DA:54,26
DA:56,16
DA:57,16
DA:58,44
DA:63,10
DA:65,44
DA:68,16
DA:71,2
DA:74,1
DA:75,2
DA:76,2
LF:49
LH:48
BRDA:7,0,0,6
BRDA:7,0,1,21
BRDA:13,1,0,2
BRDA:13,1,1,7
BRDA:13,1,2,5
BRDA:13,1,3,7
BRDA:13,1,4,0
BRDA:44,2,0,2
BRDA:44,3,0,2
BRDA:46,4,0,30
BRDA:46,4,1,16
BRDA:58,5,0,10
BRDA:58,5,1,34
BRDA:59,6,0,44
BRDA:59,6,1,30
BRDA:59,6,2,21
BRF:16
BRH:15
end_of_record
